
SQL*Loader: Release 23.26.2.0.0 - Production on Sat Jul 18 15:11:23 2026
Version 23.26.2.0.0

Copyright (c) 1982, 2026, Oracle and/or its affiliates.  All rights reserved.

Control File:   load_employees.ctl
Data File:      C:\Oracle\Project_SQL_Loader\01-Basic\employees.csv
  Bad File:     employees.bad
  Discard File:  none specified
 
 (Allow all discards)

Number to load: ALL
Number to skip: 0
Errors allowed: 50
Bind array:     250 rows, maximum of 1048576 bytes
Continuation:    none specified
Path used:      Conventional

Table EMPLOYEES, loaded from every logical record.
Insert option in effect for this table: TRUNCATE
TRAILING NULLCOLS option in effect

   Column Name                  Position   Len  Term Encl Datatype
------------------------------ ---------- ----- ---- ---- ---------------------
EMPLOYEE_ID                         FIRST     *   ,  O(") CHARACTER            
FIRST_NAME                           NEXT     *   ,  O(") CHARACTER            
LAST_NAME                            NEXT     *   ,  O(") CHARACTER            
EMAIL                                NEXT     *   ,  O(") CHARACTER            
HIRE_DATE                            NEXT     *   ,  O(") DATE DD-MON-YYYY     
SALARY                               NEXT     *   ,  O(") CHARACTER            
DEPARTMENT_ID                        NEXT     *   ,  O(") CHARACTER            


Table EMPLOYEES:
  5 Rows successfully loaded.
  0 Rows not loaded due to data errors.
  0 Rows not loaded because all WHEN clauses were failed.
  0 Rows not loaded because all fields were null.


Space allocated for bind array:                 451500 bytes(250 rows)
Read   buffer bytes: 1048576

Total logical records skipped:          0
Total logical records read:             5
Total logical records rejected:         0
Total logical records discarded:        0

Run began on Sat Jul 18 15:11:23 2026
Run ended on Sat Jul 18 15:11:24 2026

Elapsed time was:     00:00:00.97
CPU time was:         00:00:00.01
