
SQL*Loader: Release 23.26.2.0.0 - Production on Tue Jul 21 14:59:27 2026
Version 23.26.2.0.0

Copyright (c) 1982, 2026, Oracle and/or its affiliates.  All rights reserved.

Control File:   load_orders.ctl
Data File:      orders.csv
  Bad File:     orders.bad
  Discard File: orders.dsc 
 (Allow all discards)

Number to load: ALL
Number to skip: 1
Errors allowed: 50
Bind array:     250 rows, maximum of 1048576 bytes
Continuation:    none specified
Path used:      Conventional

Table ORDERS, loaded from every logical record.
Insert option in effect for this table: TRUNCATE
TRAILING NULLCOLS option in effect

   Column Name                  Position   Len  Term Encl Datatype
------------------------------ ---------- ----- ---- ---- ---------------------
ORDER_ID                            FIRST     *   ,  O(") CHARACTER            
CUSTOMER_ID                          NEXT     *   ,  O(") CHARACTER            
ORDER_DATE                           NEXT     *   ,  O(") DATE YYYY-MM-DD      
SHIP_DATE                            NEXT     *   ,  O(") DATE YYYY-MM-DD      
    NULL if SHIP_DATE = BLANKS
AMOUNT                               NEXT     *   ,  O(") CHARACTER            
STATUS                               NEXT     *   ,  O(") CHARACTER            
NOTES                                NEXT     *   ,  O(") CHARACTER            


Table ORDERS:
  5 Rows successfully loaded.
  0 Rows not loaded due to data errors.
  0 Rows not loaded because all WHEN clauses were failed.
  0 Rows not loaded because all fields were null.


Space allocated for bind array:                 451500 bytes(250 rows)
Read   buffer bytes: 1048576

Total logical records skipped:          1
Total logical records read:             5
Total logical records rejected:         0
Total logical records discarded:        0

Run began on Tue Jul 21 14:59:27 2026
Run ended on Tue Jul 21 14:59:27 2026

Elapsed time was:     00:00:00.41
CPU time was:         00:00:00.03
